2026-01-25 23:39:59 INFO  com.revconnect.manager.UserManager - User registered: mallikarjun
2026-01-25 23:40:41 INFO  com.revconnect.manager.UserManager - User registered: prudhvi
2026-01-25 23:41:14 INFO  com.revconnect.manager.UserManager - User registered: dharani
2026-01-25 23:42:02 INFO  com.revconnect.manager.UserManager - User registered: dhanunjay
2026-01-25 23:42:56 INFO  com.revconnect.manager.UserManager - Login attempt for user: mallikarjun
2026-01-25 23:42:56 INFO  com.revconnect.manager.UserManager - Login successful for user: mallikarjun
2026-01-25 23:44:38 INFO  com.revconnect.manager.UserManager - Login attempt for user: prudhvi
2026-01-25 23:44:38 INFO  com.revconnect.manager.UserManager - Login successful for user: prudhvi
2026-01-25 23:55:46 INFO  com.revconnect.manager.UserManager - Login attempt for user: mallikarjun
2026-01-25 23:55:46 INFO  com.revconnect.manager.UserManager - Login successful for user: mallikarjun
2026-01-25 23:58:33 INFO  com.revconnect.manager.UserManager - Login attempt for user: mallikarjun
2026-01-25 23:58:33 INFO  com.revconnect.manager.UserManager - Login successful for user: mallikarjun
2026-01-26 00:08:53 INFO  com.revconnect.manager.UserManager - Login attempt for user: mallikarjun
2026-01-26 00:08:54 INFO  com.revconnect.manager.UserManager - Login successful for user: mallikarjun
2026-01-26 00:12:49 INFO  com.revconnect.manager.UserManager - Login attempt for user: mallikarjun
2026-01-26 00:12:49 INFO  com.revconnect.manager.UserManager - Login successful for user: mallikarjun
2026-01-26 00:13:51 INFO  com.revconnect.manager.UserManager - Login attempt for user: Bharath
2026-01-26 00:13:51 INFO  com.revconnect.manager.UserManager - Login successful for user: Bharath
2026-01-26 07:59:20 INFO  com.revconnect.manager.UserManager - Login attempt for user: bharatH
2026-01-26 07:59:20 WARN  com.revconnect.manager.UserManager - Invalid login attempt for user: bharatH
2026-01-26 07:59:37 INFO  com.revconnect.manager.UserManager - Login attempt for user: bharath
2026-01-26 07:59:37 INFO  com.revconnect.manager.UserManager - Login successful for user: bharath
2026-01-26 07:59:52 INFO  com.revconnect.manager.UserManager - Login attempt for user: prudhvi
2026-01-26 07:59:52 INFO  com.revconnect.manager.UserManager - Login successful for user: prudhvi
2026-01-26 08:01:56 INFO  com.revconnect.manager.ConnectionManager - Fetching connections for userId 8
2026-01-26 08:01:56 INFO  com.revconnect.manager.FollowManager - Fetching following list for userId 8
2026-01-26 08:01:56 INFO  com.revconnect.manager.PostManager - Fetching feed for user list with filter 1
2026-01-26 08:03:28 INFO  com.revconnect.manager.PostManager - Fetching posts for userId 8
2026-01-26 08:06:20 INFO  com.revconnect.manager.PostManager - Post created by userId 8
2026-01-26 08:07:01 INFO  com.revconnect.manager.ConnectionManager - Connection request sent from 8 to 4
2026-01-26 08:07:25 INFO  com.revconnect.manager.UserManager - Login attempt for user: bharath
2026-01-26 08:07:25 WARN  com.revconnect.manager.UserManager - Invalid login attempt for user: bharath
2026-01-26 08:07:43 INFO  com.revconnect.manager.UserManager - Login attempt for user: bharath
2026-01-26 08:07:43 INFO  com.revconnect.manager.UserManager - Login successful for user: bharath
2026-01-26 08:08:00 INFO  com.revconnect.manager.ConnectionManager - Fetching pending requests for userId 4
2026-01-26 08:08:13 INFO  com.revconnect.manager.ConnectionManager - Connection request 3 accepted
2026-01-26 08:08:18 INFO  com.revconnect.manager.ConnectionManager - Fetching connections for userId 4
2026-01-26 08:08:34 INFO  com.revconnect.manager.ConnectionManager - Fetching connections for userId 4
2026-01-26 08:08:34 INFO  com.revconnect.manager.FollowManager - Fetching following list for userId 4
2026-01-26 08:08:34 INFO  com.revconnect.manager.PostManager - Fetching feed for user list with filter 1
2026-01-26 08:08:34 INFO  com.revconnect.manager.CommentManager - Fetching comments for post 2
2026-01-26 08:08:53 INFO  com.revconnect.manager.LikeManager - User 4 unliked post 2
2026-01-26 08:08:53 INFO  com.revconnect.manager.CommentManager - Fetching comments for post 3
2026-01-26 08:09:04 INFO  com.revconnect.manager.LikeManager - User 4 liked post 3
2026-01-26 08:09:48 INFO  com.revconnect.manager.ConnectionManager - Fetching connections for userId 4
2026-01-26 08:09:48 INFO  com.revconnect.manager.FollowManager - Fetching following list for userId 4
2026-01-26 08:09:48 INFO  com.revconnect.manager.PostManager - Fetching feed for user list with filter 2
2026-01-26 08:09:56 INFO  com.revconnect.manager.ConnectionManager - Fetching connections for userId 4
2026-01-26 08:09:56 INFO  com.revconnect.manager.FollowManager - Fetching following list for userId 4
2026-01-26 08:09:56 INFO  com.revconnect.manager.PostManager - Fetching feed for user list with filter 3
2026-01-26 08:09:56 INFO  com.revconnect.manager.CommentManager - Fetching comments for post 3
2026-01-26 08:10:18 INFO  com.revconnect.manager.CommentManager - User 4 commented on post 3
2026-01-26 08:11:24 INFO  com.revconnect.manager.FollowManager - User 4 followed 17
2026-01-26 08:11:45 INFO  com.revconnect.manager.FollowManager - User 4 unfollowed 17
2026-01-26 08:12:47 INFO  com.revconnect.manager.UserManager - Login attempt for user: bharath
2026-01-26 08:12:48 INFO  com.revconnect.manager.UserManager - Login successful for user: bharath
2026-01-26 08:12:59 WARN  com.revconnect.manager.ConnectionManager - Connection request failed. Receiver 20 not found
2026-01-26 08:48:49 INFO  com.revconnect.manager.UserManager - Login attempt for user: bharath
2026-01-26 08:48:50 INFO  com.revconnect.manager.UserManager - Login successful for user: bharath
2026-01-26 09:46:54 INFO  com.revconnect.manager.UserManager - Login attempt for user: prudhvi
2026-01-26 09:46:55 INFO  com.revconnect.manager.UserManager - Login successful for user: prudhvi
2026-01-26 09:51:21 WARN  com.revconnect.manager.ConnectionManager - User 1 tried to send connection request to self
2026-01-26 09:51:22 INFO  com.revconnect.manager.ConnectionManager - Connection request sent from 1 to 2
2026-01-26 10:24:17 INFO  com.revconnect.manager.UserManager - Login attempt for user: bharath
2026-01-26 10:24:18 INFO  com.revconnect.manager.UserManager - Login successful for user: bharath
2026-01-26 10:30:49 INFO  com.revconnect.manager.UserManager - Login attempt for user: prudhvi
2026-01-26 10:30:50 INFO  com.revconnect.manager.UserManager - Login successful for user: prudhvi
2026-01-26 10:33:22 INFO  com.revconnect.manager.UserManager - Login attempt for user: bharath
2026-01-26 10:33:22 WARN  com.revconnect.manager.UserManager - Invalid login attempt for user: bharath
2026-01-26 10:33:30 INFO  com.revconnect.manager.UserManager - Login attempt for user: prudhvi
2026-01-26 10:33:30 INFO  com.revconnect.manager.UserManager - Login successful for user: prudhvi
2026-01-26 10:33:53 INFO  com.revconnect.manager.PostManager - Fetching posts for userId 8
2026-01-26 10:33:53 INFO  com.revconnect.manager.CommentManager - Fetching comments for post 3
2026-01-26 10:58:08 INFO  com.revconnect.manager.UserManager - Login attempt for user: bharathk
2026-01-26 10:58:09 INFO  com.revconnect.manager.UserManager - Login successful for user: bharathk
2026-01-26 10:58:27 INFO  com.revconnect.manager.UserManager - Login attempt for user: bharathk
2026-01-26 10:58:27 WARN  com.revconnect.manager.UserManager - Invalid login attempt for user: bharathk
2026-01-26 10:59:07 INFO  com.revconnect.manager.UserManager - Security question requested for bharathk
2026-01-26 12:09:21 INFO  com.revconnect.manager.UserManager - Login attempt for user: bharath
2026-01-26 12:09:22 INFO  com.revconnect.manager.UserManager - Login successful for user: bharath
2026-01-26 12:09:32 INFO  com.revconnect.manager.ConnectionManager - Fetching connections for userId 4
2026-01-26 12:09:32 INFO  com.revconnect.manager.FollowManager - Fetching following list for userId 4
2026-01-26 12:09:32 INFO  com.revconnect.manager.PostManager - Fetching feed for user list with filter 1
2026-01-26 12:09:32 INFO  com.revconnect.manager.CommentManager - Fetching comments for post 2
2026-01-26 12:09:44 INFO  com.revconnect.manager.LikeManager - User 4 liked post 2
2026-01-26 12:09:44 INFO  com.revconnect.manager.CommentManager - Fetching comments for post 3
2026-01-26 12:09:48 INFO  com.revconnect.manager.PostManager - User 4 shared post 3
2026-01-26 12:09:58 INFO  com.revconnect.manager.PostManager - Fetching posts for userId 4
2026-01-26 12:09:58 INFO  com.revconnect.manager.CommentManager - Fetching comments for post 2
2026-01-26 12:10:04 INFO  com.revconnect.manager.CommentManager - Fetching comments for post 4
2026-01-26 12:11:07 INFO  com.revconnect.manager.UserManager - Login attempt for user: bbharath
2026-01-26 12:11:07 WARN  com.revconnect.manager.UserManager - Invalid login attempt for user: bbharath
2026-01-26 12:11:21 INFO  com.revconnect.manager.UserManager - Login attempt for user: bharath
2026-01-26 12:11:21 INFO  com.revconnect.manager.UserManager - Login successful for user: bharath
2026-01-26 12:11:41 INFO  com.revconnect.manager.PostManager - Post deleted with id 4
2026-01-26 12:11:50 INFO  com.revconnect.manager.ConnectionManager - Fetching connections for userId 4
2026-01-26 12:11:50 INFO  com.revconnect.manager.FollowManager - Fetching following list for userId 4
2026-01-26 12:11:50 INFO  com.revconnect.manager.PostManager - Fetching feed for user list with filter 1
2026-01-26 12:11:50 INFO  com.revconnect.manager.CommentManager - Fetching comments for post 2
2026-01-26 12:11:53 INFO  com.revconnect.manager.CommentManager - Fetching comments for post 3
2026-01-26 12:12:17 INFO  com.revconnect.manager.UserManager - Login attempt for user: prudhvi
2026-01-26 12:12:17 INFO  com.revconnect.manager.UserManager - Login successful for user: prudhvi
2026-01-26 12:12:22 INFO  com.revconnect.manager.PostManager - Fetching posts for userId 8
2026-01-26 12:12:22 INFO  com.revconnect.manager.CommentManager - Fetching comments for post 3
2026-01-26 12:12:42 INFO  com.revconnect.manager.ConnectionManager - Fetching connections for userId 8
2026-01-26 12:12:42 INFO  com.revconnect.manager.FollowManager - Fetching following list for userId 8
2026-01-26 12:12:42 INFO  com.revconnect.manager.PostManager - Fetching feed for user list with filter 1
2026-01-26 12:12:42 INFO  com.revconnect.manager.CommentManager - Fetching comments for post 2
2026-01-26 12:12:50 INFO  com.revconnect.manager.LikeManager - User 8 liked post 2
2026-01-26 12:12:50 INFO  com.revconnect.manager.CommentManager - Fetching comments for post 3
2026-01-26 12:13:02 INFO  com.revconnect.manager.CommentManager - Fetching comments for post 3
2026-01-26 12:13:15 INFO  com.revconnect.manager.ConnectionManager - Fetching connections for userId 8
2026-01-26 12:13:15 INFO  com.revconnect.manager.FollowManager - Fetching following list for userId 8
2026-01-26 12:13:15 INFO  com.revconnect.manager.PostManager - Fetching feed for user list with filter 1
2026-01-26 12:13:15 INFO  com.revconnect.manager.CommentManager - Fetching comments for post 2
2026-01-26 12:13:22 INFO  com.revconnect.manager.CommentManager - Fetching comments for post 2
2026-01-26 12:13:22 INFO  com.revconnect.manager.CommentManager - Fetching comments for post 3
2026-01-26 12:13:40 INFO  com.revconnect.manager.PostManager - User 8 shared post 3
2026-01-26 12:16:19 INFO  com.revconnect.manager.PostManager - Fetching feed for user list with filter 1
2026-01-26 12:16:19 INFO  com.revconnect.manager.PostManager - Post created by userId 0
2026-01-26 12:25:59 INFO  com.revconnect.manager.UserManager - Security question requested for bharath
2026-01-26 12:26:08 INFO  com.revconnect.manager.UserManager - Password reset successful for bharath
2026-01-26 12:26:19 INFO  com.revconnect.manager.UserManager - Login attempt for user: bharath
2026-01-26 12:26:19 WARN  com.revconnect.manager.UserManager - Invalid login attempt for user: bharath
2026-01-26 12:26:28 INFO  com.revconnect.manager.UserManager - Login attempt for user: bharath
2026-01-26 12:26:28 INFO  com.revconnect.manager.UserManager - Login successful for user: bharath
2026-01-26 15:02:36 INFO  com.revconnect.manager.UserManager - User registered: chandu
2026-01-26 15:02:47 INFO  com.revconnect.manager.UserManager - Login attempt for user: chandu
2026-01-26 15:02:47 INFO  com.revconnect.manager.UserManager - Login successful for user: chandu
2026-01-26 15:03:22 INFO  com.revconnect.manager.UserManager - Login attempt for user: bharath
2026-01-26 15:03:22 INFO  com.revconnect.manager.UserManager - Login successful for user: bharath
2026-01-26 19:34:01 INFO  com.revconnect.manager.UserManager - User registered: bharathKumar
2026-01-26 19:34:17 INFO  com.revconnect.manager.UserManager - Login attempt for user: bharathKumar
2026-01-26 19:34:17 INFO  com.revconnect.manager.UserManager - Login successful for user: bharathKumar
2026-01-26 19:35:32 INFO  com.revconnect.manager.ConnectionManager - Fetching connections for userId 12
2026-01-26 19:35:32 INFO  com.revconnect.manager.FollowManager - Fetching following list for userId 12
2026-01-26 19:35:32 INFO  com.revconnect.manager.PostManager - Fetching feed for user list with filter 1
2026-01-26 19:36:59 INFO  com.revconnect.manager.UserManager - Password changed for userId 12
2026-01-26 19:37:14 INFO  com.revconnect.manager.UserManager - Privacy updated for userId 12 -> PRIVATE
2026-01-26 19:38:46 INFO  com.revconnect.manager.PostManager - Post created by userId 12
2026-01-26 19:38:49 INFO  com.revconnect.manager.PostManager - Fetching posts for userId 12
2026-01-26 19:38:49 INFO  com.revconnect.manager.CommentManager - Fetching comments for post 6
2026-01-26 19:40:40 INFO  com.revconnect.manager.ConnectionManager - Connection request sent from 12 to 4
2026-01-26 19:41:01 INFO  com.revconnect.manager.ConnectionManager - Fetching pending requests for userId 12
2026-01-26 19:41:09 INFO  com.revconnect.manager.ConnectionManager - Fetching connections for userId 12
2026-01-26 19:41:19 INFO  com.revconnect.manager.ConnectionManager - Fetching connections for userId 12
2026-01-26 19:41:30 INFO  com.revconnect.manager.FollowManager - User 12 followed 4
2026-01-26 19:43:50 INFO  com.revconnect.manager.UserManager - Login attempt for user: bharathKumar
2026-01-26 19:43:50 INFO  com.revconnect.manager.UserManager - Login successful for user: bharathKumar
2026-01-26 19:44:10 INFO  com.revconnect.manager.UserManager - Login attempt for user: bharathKumar
2026-01-26 19:44:11 WARN  com.revconnect.manager.UserManager - Invalid login attempt for user: bharathKumar
2026-01-26 19:44:34 INFO  com.revconnect.manager.UserManager - Security question requested for bharathKumar
2026-01-26 19:47:28 WARN  com.revconnect.manager.ConnectionManager - User 1 tried to send connection request to self
2026-01-26 19:47:29 INFO  com.revconnect.manager.ConnectionManager - Connection request sent from 1 to 2
2026-01-26 19:47:41 INFO  com.revconnect.manager.PostManager - Fetching feed for user list with filter 1
2026-01-26 19:47:41 INFO  com.revconnect.manager.PostManager - Post created by userId 0
2026-01-26 19:47:52 INFO  com.revconnect.manager.UserManager - Login attempt for user: bharath
2026-01-26 19:47:52 INFO  com.revconnect.manager.UserManager - Login successful for user: bharath
2026-01-26 19:47:52 INFO  com.revconnect.manager.UserManager - Login attempt for user: x
2026-01-26 19:47:52 WARN  com.revconnect.manager.UserManager - Invalid login attempt for user: x
2026-01-26 19:47:54 INFO  com.revconnect.manager.UserManager - Login attempt for user: bharath
2026-01-26 19:47:54 INFO  com.revconnect.manager.UserManager - Login successful for user: bharath
2026-01-26 19:47:54 INFO  com.revconnect.manager.UserManager - Login attempt for user: x
2026-01-26 19:47:54 WARN  com.revconnect.manager.UserManager - Invalid login attempt for user: x
